-------------------------------------------------------------------------------
Test set: testNGrunner.TestNGRunner
-------------------------------------------------------------------------------
Tests run: 1, Failures: 1, Errors: 0, Skipped: 0, Time elapsed: 5.757 s <<< FAILURE! -- in testNGrunner.TestNGRunner
testNGrunner.TestNGRunner.runScenario["Login to the app with valid credentials", "Login"](1) -- Time elapsed: 0.107 s <<< FAILURE!
io.cucumber.java.PendingException: TODO: implement me
	at step_definations.Stepdefination.it_enters_valid_username_and_password(Stepdefination.java:16)
	at âœ½.It enters valid Username and Password(file:///Users/suryansh/eclipse-workspace/Selenium/src/test/java/feature_files/login.feature:7)

