<?xml version="1.0" encoding="UTF-8"?>
<!-- Generated by org.testng.reporters.JUnitReportReporter -->
<testsuite hostname="Studios-MacBook-Pro.local" failures="0" tests="1" name="testNGrunner.TestNGRunner" time="0.105" errors="1" timestamp="2024-06-15T16:40:42 IST" skipped="0">
  <testcase classname="testNGrunner.TestNGRunner" name="runScenario" time="0.105">
    <error message="TODO: implement me" type="io.cucumber.java.PendingException">
      <![CDATA[io.cucumber.java.PendingException: TODO: implement me
at step_definations.Stepdefination.it_enters_valid_username_and_password(Stepdefination.java:16)
at âœ½.It enters valid Username and Password(file:///Users/suryansh/eclipse-workspace/Selenium/src/test/java/feature_files/login.feature:7)
]]>
    </error>
  </testcase> <!-- runScenario -->
</testsuite> <!-- testNGrunner.TestNGRunner -->
